[2018-09-10 03:00:03][GetWebContent.py line:111][INFO]: 内容抓取中, 当前页数[342]，总页数[342] .
[2018-09-10 03:00:04][GetWebContent.py line:187][INFO]: 网页内容已更新.
[2018-09-10 03:00:10][GetWebContent.py line:195][INFO]: 更新通知邮件发送成功! 收件人列表:['leixichina@live.com']
[2018-09-10 09:34:57][GetWebContent.py line:109][INFO]: 网页内容已更新, 当前页数[341]，总页数[342] .
[2018-09-10 09:34:57][GetWebContent.py line:111][INFO]: 内容抓取中, 当前页数[342]，总页数[342] .
[2018-09-10 09:34:58][GetWebContent.py line:187][INFO]: 网页内容已更新.
[2018-09-10 09:35:03][GetWebContent.py line:195][INFO]: 更新通知邮件发送成功! 收件人列表:['leixichina@live.com']
[2018-09-10 09:39:57][GetWebContent.py line:103][INFO]: 网页内容未更新, 当前页数[342]，总页数[342] .
[2018-09-10 09:39:57][GetWebContent.py line:186][INFO]: 网页内容未更新.
[2018-09-10 09:40:59][GetWebContent.py line:103][INFO]: 网页内容未更新, 当前页数[342]，总页数[342] .
[2018-09-10 09:40:59][GetWebContent.py line:186][INFO]: 网页内容未更新.
[2018-09-10 09:41:13][GetWebContent.py line:109][INFO]: 网页内容已更新, 当前页数[341]，总页数[342] .
[2018-09-10 09:41:13][GetWebContent.py line:111][INFO]: 内容抓取中, 当前页数[342]，总页数[342] .
[2018-09-10 09:41:13][GetWebContent.py line:188][INFO]: 网页内容已更新.
[2018-09-10 09:42:29][GetWebContent.py line:109][INFO]: 网页内容已更新, 当前页数[341]，总页数[342] .
[2018-09-10 09:42:29][GetWebContent.py line:111][INFO]: 内容抓取中, 当前页数[342]，总页数[342] .
[2018-09-10 09:43:03][GetWebContent.py line:109][INFO]: 网页内容已更新, 当前页数[341]，总页数[342] .
[2018-09-10 09:43:03][GetWebContent.py line:111][INFO]: 内容抓取中, 当前页数[342]，总页数[342] .
[2018-09-10 09:43:03][GetWebContent.py line:189][INFO]: 网页内容已更新.
[2018-09-10 09:46:05][GetWebContent.py line:109][INFO]: 网页内容已更新, 当前页数[341]，总页数[342] .
[2018-09-10 09:46:05][GetWebContent.py line:111][INFO]: 内容抓取中, 当前页数[342]，总页数[342] .
[2018-09-10 09:46:06][GetWebContent.py line:190][INFO]: 网页内容已更新.
[2018-09-10 09:46:27][GetWebContent.py line:103][INFO]: 网页内容未更新, 当前页数[342]，总页数[342] .
[2018-09-10 09:46:27][GetWebContent.py line:188][INFO]: 网页内容未更新.
[2018-09-10 09:46:42][GetWebContent.py line:109][INFO]: 网页内容已更新, 当前页数[341]，总页数[342] .
[2018-09-10 09:46:42][GetWebContent.py line:111][INFO]: 内容抓取中, 当前页数[342]，总页数[342] .
[2018-09-10 09:46:42][GetWebContent.py line:190][INFO]: 网页内容已更新.
[2018-09-10 09:51:38][GetWebContent.py line:109][INFO]: 网页内容已更新, 当前页数[341]，总页数[342] .
[2018-09-10 09:51:43][GetWebContent.py line:111][INFO]: 内容抓取中, 当前页数[342]，总页数[342] .
[2018-09-10 09:53:16][GetWebContent.py line:190][INFO]: 网页内容已更新.
[2018-09-10 09:54:50][GetWebContent.py line:103][INFO]: 网页内容未更新, 当前页数[342]，总页数[342] .
[2018-09-10 09:54:50][GetWebContent.py line:188][INFO]: 网页内容未更新.
[2018-09-10 09:55:12][GetWebContent.py line:109][INFO]: 网页内容已更新, 当前页数[341]，总页数[342] .
[2018-09-10 09:55:12][GetWebContent.py line:111][INFO]: 内容抓取中, 当前页数[342]，总页数[342] .
[2018-09-10 09:58:30][GetWebContent.py line:109][INFO]: 网页内容已更新, 当前页数[341]，总页数[342] .
[2018-09-10 09:58:30][GetWebContent.py line:111][INFO]: 内容抓取中, 当前页数[342]，总页数[342] .
[2018-09-10 09:58:30][GetWebContent.py line:187][INFO]: 网页内容未更新.
[2018-09-10 10:08:50][GetWebContent.py line:109][INFO]: 网页内容已更新, 当前页数[341]，总页数[342] .
[2018-09-10 10:08:50][GetWebContent.py line:111][INFO]: 内容抓取中, 当前页数[341]，总页数[342] .
[2018-09-10 10:08:51][GetWebContent.py line:111][INFO]: 内容抓取中, 当前页数[342]，总页数[342] .
[2018-09-10 10:08:51][GetWebContent.py line:188][INFO]: 网页已更新.
[2018-09-10 10:08:58][GetWebContent.py line:199][ERROR]: 更新通知邮件发送失败！
[2018-09-10 10:11:12][GetWebContent.py line:109][INFO]: 网页内容已更新, 当前页数[341]，总页数[342] .
[2018-09-10 10:11:12][GetWebContent.py line:111][INFO]: 内容抓取中, 当前页数[341]，总页数[342] .
[2018-09-10 10:11:12][GetWebContent.py line:111][INFO]: 内容抓取中, 当前页数[342]，总页数[342] .
[2018-09-10 10:11:12][GetWebContent.py line:188][INFO]: 网页已更新.
[2018-09-10 10:11:17][GetWebContent.py line:199][ERROR]: 更新通知邮件发送失败！
[2018-09-10 10:13:52][GetWebContent.py line:109][INFO]: 网页内容已更新, 当前页数[341]，总页数[342] .
[2018-09-10 10:13:52][GetWebContent.py line:111][INFO]: 内容抓取中, 当前页数[341]，总页数[342] .
[2018-09-10 10:13:52][GetWebContent.py line:111][INFO]: 内容抓取中, 当前页数[342]，总页数[342] .
[2018-09-10 10:13:52][GetWebContent.py line:186][INFO]: 网页已更新.
[2018-09-10 10:13:59][GetWebContent.py line:195][INFO]: 更新通知邮件发送成功! 收件人列表:['leixichina@live.com']
